2025-01-21 03:28:53,876:[misc.py:13]:[CRITICAL]: 
Exception: 
<Task finished name='Task-7' coro=<Mpc._run() done, defined at /usr/local/lib/python3.8/dist-packages/optimizedhbmpc/mpc.py:221> exception=AssertionError()> 
<class 'AssertionError'> 

2025-01-21 03:28:53,876:[misc.py:13]:[CRITICAL]: 
Exception: 
<Task finished name='Task-7' coro=<Mpc._run() done, defined at /usr/local/lib/python3.8/dist-packages/optimizedhbmpc/mpc.py:221> exception=AssertionError()> 
<class 'AssertionError'> 

2025-01-21 03:28:53,881:[misc.py:13]:[CRITICAL]: 
Exception: 
<Task finished name='Task-7' coro=<Mpc._run() done, defined at /usr/local/lib/python3.8/dist-packages/optimizedhbmpc/mpc.py:221> exception=AssertionError()> 
<class 'AssertionError'> 

2025-01-21 03:28:53,894:[misc.py:13]:[CRITICAL]: 
Exception: 
<Task finished name='Task-7' coro=<Mpc._run() done, defined at /usr/local/lib/python3.8/dist-packages/optimizedhbmpc/mpc.py:221> exception=AssertionError()> 
<class 'AssertionError'> 

2025-01-21 03:40:15,453:[butterfly_network.py:64]:[INFO]: [1] Running permutation network.
2025-01-21 03:40:15,455:[butterfly_network.py:64]:[INFO]: [3] Running permutation network.
2025-01-21 03:40:15,467:[butterfly_network.py:64]:[INFO]: [2] Running permutation network.
2025-01-21 03:40:15,468:[butterfly_network.py:64]:[INFO]: [0] Running permutation network.
2025-01-21 03:40:15,577:[butterfly_network.py:50]:[INFO]: [ButterflyNetwork-0]: 0.12455558776855469
2025-01-21 03:40:15,579:[butterfly_network.py:50]:[INFO]: [ButterflyNetwork-0]: 0.11029338836669922
2025-01-21 03:40:15,579:[butterfly_network.py:50]:[INFO]: [ButterflyNetwork-0]: 0.12436771392822266
2025-01-21 03:40:15,591:[butterfly_network.py:50]:[INFO]: [ButterflyNetwork-1]: 0.011477947235107422
2025-01-21 03:40:15,591:[butterfly_network.py:50]:[INFO]: [ButterflyNetwork-1]: 0.011110782623291016
2025-01-21 03:40:15,592:[butterfly_network.py:50]:[INFO]: [ButterflyNetwork-1]: 0.014283895492553711
2025-01-21 03:40:15,593:[butterfly_network.py:50]:[INFO]: [ButterflyNetwork-0]: 0.12584137916564941
2025-01-21 03:40:15,600:[butterfly_network.py:50]:[INFO]: [ButterflyNetwork-2]: 0.009289741516113281
2025-01-21 03:40:15,600:[butterfly_network.py:50]:[INFO]: [ButterflyNetwork-2]: 0.009433269500732422
2025-01-21 03:40:15,601:[butterfly_network.py:50]:[INFO]: [ButterflyNetwork-2]: 0.009128093719482422
2025-01-21 03:40:15,603:[butterfly_network.py:50]:[INFO]: [ButterflyNetwork-1]: 0.00942850112915039
2025-01-21 03:40:15,609:[butterfly_network.py:50]:[INFO]: [ButterflyNetwork-3]: 0.007414817810058594
2025-01-21 03:40:15,609:[butterfly_network.py:50]:[INFO]: [ButterflyNetwork-3]: 0.008353948593139648
2025-01-21 03:40:15,609:[butterfly_network.py:50]:[INFO]: [ButterflyNetwork-3]: 0.008806705474853516
2025-01-21 03:40:15,610:[butterfly_network.py:50]:[INFO]: [ButterflyNetwork-2]: 0.0069615840911865234
2025-01-21 03:40:15,617:[butterfly_network.py:50]:[INFO]: [ButterflyNetwork-4]: 0.008187055587768555
2025-01-21 03:40:15,617:[butterfly_network.py:50]:[INFO]: [ButterflyNetwork-4]: 0.008204460144042969
2025-01-21 03:40:15,617:[butterfly_network.py:50]:[INFO]: [ButterflyNetwork-4]: 0.00800776481628418
2025-01-21 03:40:15,617:[butterfly_network.py:50]:[INFO]: [ButterflyNetwork-3]: 0.0070765018463134766
2025-01-21 03:40:15,624:[butterfly_network.py:50]:[INFO]: [ButterflyNetwork-5]: 0.0073435306549072266
2025-01-21 03:40:15,624:[butterfly_network.py:50]:[INFO]: [ButterflyNetwork-5]: 0.0074615478515625
2025-01-21 03:40:15,625:[butterfly_network.py:50]:[INFO]: [ButterflyNetwork-5]: 0.007428646087646484
2025-01-21 03:40:15,625:[butterfly_network.py:50]:[INFO]: [ButterflyNetwork-4]: 0.007466554641723633
2025-01-21 03:40:15,632:[butterfly_network.py:50]:[INFO]: [ButterflyNetwork-6]: 0.007285594940185547
2025-01-21 03:40:15,632:[butterfly_network.py:50]:[INFO]: [ButterflyNetwork-6]: 0.007379770278930664
2025-01-21 03:40:15,632:[butterfly_network.py:50]:[INFO]: [ButterflyNetwork-5]: 0.007015228271484375
2025-01-21 03:40:15,632:[butterfly_network.py:50]:[INFO]: [ButterflyNetwork-6]: 0.0073087215423583984
2025-01-21 03:40:15,639:[butterfly_network.py:50]:[INFO]: [ButterflyNetwork-6]: 0.007009267807006836
2025-01-21 03:40:15,639:[butterfly_network.py:50]:[INFO]: [ButterflyNetwork-7]: 0.007331371307373047
2025-01-21 03:40:15,639:[butterfly_network.py:50]:[INFO]: [ButterflyNetwork-7]: 0.007515668869018555
2025-01-21 03:40:15,640:[butterfly_network.py:50]:[INFO]: [ButterflyNetwork-7]: 0.007473945617675781
2025-01-21 03:40:15,646:[butterfly_network.py:50]:[INFO]: [ButterflyNetwork-7]: 0.007208108901977539
2025-01-21 03:40:15,647:[butterfly_network.py:50]:[INFO]: [ButterflyNetwork-8]: 0.0073757171630859375
2025-01-21 03:40:15,647:[butterfly_network.py:50]:[INFO]: [ButterflyNetwork-8]: 0.007315874099731445
2025-01-21 03:40:15,647:[butterfly_network.py:50]:[INFO]: [ButterflyNetwork-8]: 0.007302045822143555
2025-01-21 03:40:15,653:[butterfly_network.py:50]:[INFO]: [ButterflyNetwork-8]: 0.007056713104248047
2025-01-21 03:40:15,654:[butterfly_network.py:50]:[INFO]: [ButterflyNetwork-9]: 0.007259845733642578
2025-01-21 03:40:15,654:[butterfly_network.py:50]:[INFO]: [ButterflyNetwork-9]: 0.0072672367095947266
2025-01-21 03:40:15,654:[butterfly_network.py:50]:[INFO]: [ButterflyNetwork-9]: 0.007349252700805664
2025-01-21 03:40:15,660:[butterfly_network.py:50]:[INFO]: [ButterflyNetwork-9]: 0.0067179203033447266
2025-01-21 03:40:15,662:[butterfly_network.py:50]:[INFO]: [ButterflyNetwork-10]: 0.007485866546630859
2025-01-21 03:40:15,662:[butterfly_network.py:50]:[INFO]: [ButterflyNetwork-10]: 0.007527589797973633
2025-01-21 03:40:15,662:[butterfly_network.py:50]:[INFO]: [ButterflyNetwork-10]: 0.0074350833892822266
2025-01-21 03:40:15,668:[butterfly_network.py:50]:[INFO]: [ButterflyNetwork-10]: 0.007185459136962891
2025-01-21 03:40:15,669:[butterfly_network.py:50]:[INFO]: [ButterflyNetwork-11]: 0.007277250289916992
2025-01-21 03:40:15,669:[butterfly_network.py:50]:[INFO]: [ButterflyNetwork-11]: 0.007302999496459961
2025-01-21 03:40:15,669:[butterfly_network.py:50]:[INFO]: [ButterflyNetwork-11]: 0.007326602935791016
2025-01-21 03:40:15,675:[butterfly_network.py:50]:[INFO]: [ButterflyNetwork-11]: 0.007040739059448242
2025-01-21 03:40:15,676:[butterfly_network.py:50]:[INFO]: [ButterflyNetwork-12]: 0.007414340972900391
2025-01-21 03:40:15,677:[butterfly_network.py:50]:[INFO]: [ButterflyNetwork-12]: 0.0073277950286865234
2025-01-21 03:40:15,677:[butterfly_network.py:50]:[INFO]: [ButterflyNetwork-12]: 0.007330656051635742
2025-01-21 03:40:15,681:[butterfly_network.py:50]:[INFO]: [ButterflyNetwork-12]: 0.006716489791870117
2025-01-21 03:40:15,684:[butterfly_network.py:50]:[INFO]: [ButterflyNetwork-13]: 0.0074880123138427734
2025-01-21 03:40:15,684:[butterfly_network.py:50]:[INFO]: [ButterflyNetwork-13]: 0.007438182830810547
2025-01-21 03:40:15,684:[butterfly_network.py:50]:[INFO]: [ButterflyNetwork-13]: 0.007418632507324219
2025-01-21 03:40:15,689:[butterfly_network.py:50]:[INFO]: [ButterflyNetwork-13]: 0.00713348388671875
2025-01-21 03:40:15,691:[butterfly_network.py:50]:[INFO]: [ButterflyNetwork-14]: 0.00732874870300293
2025-01-21 03:40:15,692:[butterfly_network.py:50]:[INFO]: [ButterflyNetwork-14]: 0.0074005126953125
2025-01-21 03:40:15,692:[butterfly_network.py:50]:[INFO]: [ButterflyNetwork-14]: 0.007303714752197266
2025-01-21 03:40:15,696:[butterfly_network.py:50]:[INFO]: [ButterflyNetwork-14]: 0.007029533386230469
2025-01-21 03:40:15,699:[butterfly_network.py:50]:[INFO]: [ButterflyNetwork-15]: 0.007308006286621094
2025-01-21 03:40:15,699:[butterfly_network.py:50]:[INFO]: [ButterflyNetwork-15]: 0.007333517074584961
2025-01-21 03:40:15,699:[butterfly_network.py:50]:[INFO]: [ButterflyNetwork-15]: 0.007428646087646484
2025-01-21 03:40:15,701:[butterfly_network.py:73]:[INFO]: [0] finished in 0.23295831680297852 s
2025-01-21 03:40:15,701:[butterfly_network.py:73]:[INFO]: [1] finished in 0.2488405704498291 s
2025-01-21 03:40:15,701:[butterfly_network.py:73]:[INFO]: [3] finished in 0.24668049812316895 s
2025-01-21 03:40:15,704:[butterfly_network.py:50]:[INFO]: [ButterflyNetwork-15]: 0.007354021072387695
2025-01-21 03:40:15,707:[butterfly_network.py:73]:[INFO]: [2] finished in 0.23958778381347656 s
2025-01-21 04:06:05,314:[butterfly_network.py:64]:[INFO]: [3] Running permutation network.
2025-01-21 04:06:05,314:[butterfly_network.py:64]:[INFO]: [2] Running permutation network.
2025-01-21 04:06:05,315:[butterfly_network.py:64]:[INFO]: [0] Running permutation network.
2025-01-21 04:06:05,315:[butterfly_network.py:64]:[INFO]: [1] Running permutation network.
2025-01-21 04:06:05,439:[butterfly_network.py:50]:[INFO]: [ButterflyNetwork-0]: 0.12399125099182129
2025-01-21 04:06:05,439:[butterfly_network.py:50]:[INFO]: [ButterflyNetwork-0]: 0.12398076057434082
2025-01-21 04:06:05,439:[butterfly_network.py:50]:[INFO]: [ButterflyNetwork-0]: 0.1252422332763672
2025-01-21 04:06:05,451:[butterfly_network.py:50]:[INFO]: [ButterflyNetwork-1]: 0.011503934860229492
2025-01-21 04:06:05,453:[butterfly_network.py:50]:[INFO]: [ButterflyNetwork-1]: 0.013703346252441406
2025-01-21 04:06:05,453:[butterfly_network.py:50]:[INFO]: [ButterflyNetwork-1]: 0.013736724853515625
2025-01-21 04:06:05,454:[butterfly_network.py:50]:[INFO]: [ButterflyNetwork-0]: 0.1402902603149414
2025-01-21 04:06:05,462:[butterfly_network.py:50]:[INFO]: [ButterflyNetwork-2]: 0.01123499870300293
2025-01-21 04:06:05,463:[butterfly_network.py:50]:[INFO]: [ButterflyNetwork-1]: 0.008714437484741211
2025-01-21 04:06:05,464:[butterfly_network.py:50]:[INFO]: [ButterflyNetwork-2]: 0.010900259017944336
2025-01-21 04:06:05,464:[butterfly_network.py:50]:[INFO]: [ButterflyNetwork-2]: 0.010896682739257812
2025-01-21 04:06:05,469:[butterfly_network.py:50]:[INFO]: [ButterflyNetwork-2]: 0.0062713623046875
2025-01-21 04:06:05,474:[butterfly_network.py:50]:[INFO]: [ButterflyNetwork-3]: 0.011467218399047852
2025-01-21 04:06:05,475:[butterfly_network.py:50]:[INFO]: [ButterflyNetwork-3]: 0.011027336120605469
2025-01-21 04:06:05,475:[butterfly_network.py:50]:[INFO]: [ButterflyNetwork-3]: 0.011013031005859375
2025-01-21 04:06:05,476:[butterfly_network.py:50]:[INFO]: [ButterflyNetwork-3]: 0.006637096405029297
2025-01-21 04:06:05,484:[butterfly_network.py:50]:[INFO]: [ButterflyNetwork-4]: 0.008276700973510742
2025-01-21 04:06:05,485:[butterfly_network.py:50]:[INFO]: [ButterflyNetwork-4]: 0.011252403259277344
2025-01-21 04:06:05,486:[butterfly_network.py:50]:[INFO]: [ButterflyNetwork-4]: 0.011338949203491211
2025-01-21 04:06:05,486:[butterfly_network.py:50]:[INFO]: [ButterflyNetwork-4]: 0.011316299438476562
2025-01-21 04:06:05,495:[butterfly_network.py:50]:[INFO]: [ButterflyNetwork-5]: 0.01035451889038086
2025-01-21 04:06:05,496:[butterfly_network.py:50]:[INFO]: [ButterflyNetwork-5]: 0.011403799057006836
2025-01-21 04:06:05,497:[butterfly_network.py:50]:[INFO]: [ButterflyNetwork-5]: 0.010778665542602539
2025-01-21 04:06:05,497:[butterfly_network.py:50]:[INFO]: [ButterflyNetwork-5]: 0.010772228240966797
2025-01-21 04:06:05,507:[butterfly_network.py:50]:[INFO]: [ButterflyNetwork-6]: 0.011337995529174805
2025-01-21 04:06:05,507:[butterfly_network.py:50]:[INFO]: [ButterflyNetwork-6]: 0.01093602180480957
2025-01-21 04:06:05,508:[butterfly_network.py:50]:[INFO]: [ButterflyNetwork-6]: 0.010758161544799805
2025-01-21 04:06:05,508:[butterfly_network.py:50]:[INFO]: [ButterflyNetwork-6]: 0.010796308517456055
2025-01-21 04:06:05,517:[butterfly_network.py:50]:[INFO]: [ButterflyNetwork-7]: 0.010013580322265625
2025-01-21 04:06:05,517:[butterfly_network.py:50]:[INFO]: [ButterflyNetwork-7]: 0.010181665420532227
2025-01-21 04:06:05,519:[butterfly_network.py:50]:[INFO]: [ButterflyNetwork-7]: 0.010802030563354492
2025-01-21 04:06:05,519:[butterfly_network.py:50]:[INFO]: [ButterflyNetwork-7]: 0.010802030563354492
2025-01-21 04:06:05,528:[butterfly_network.py:50]:[INFO]: [ButterflyNetwork-8]: 0.010860681533813477
2025-01-21 04:06:05,528:[butterfly_network.py:50]:[INFO]: [ButterflyNetwork-8]: 0.011172056198120117
2025-01-21 04:06:05,530:[butterfly_network.py:50]:[INFO]: [ButterflyNetwork-8]: 0.010818243026733398
2025-01-21 04:06:05,530:[butterfly_network.py:50]:[INFO]: [ButterflyNetwork-8]: 0.010853767395019531
2025-01-21 04:06:05,539:[butterfly_network.py:50]:[INFO]: [ButterflyNetwork-9]: 0.010833263397216797
2025-01-21 04:06:05,539:[butterfly_network.py:50]:[INFO]: [ButterflyNetwork-9]: 0.010824441909790039
2025-01-21 04:06:05,541:[butterfly_network.py:50]:[INFO]: [ButterflyNetwork-9]: 0.010583639144897461
2025-01-21 04:06:05,541:[butterfly_network.py:50]:[INFO]: [ButterflyNetwork-9]: 0.010614156723022461
2025-01-21 04:06:05,550:[butterfly_network.py:50]:[INFO]: [ButterflyNetwork-10]: 0.010607004165649414
2025-01-21 04:06:05,550:[butterfly_network.py:50]:[INFO]: [ButterflyNetwork-10]: 0.010542869567871094
2025-01-21 04:06:05,552:[butterfly_network.py:50]:[INFO]: [ButterflyNetwork-10]: 0.01081395149230957
2025-01-21 04:06:05,551:[butterfly_network.py:50]:[INFO]: [ButterflyNetwork-10]: 0.010776042938232422
2025-01-21 04:06:05,561:[butterfly_network.py:50]:[INFO]: [ButterflyNetwork-11]: 0.010874748229980469
2025-01-21 04:06:05,561:[butterfly_network.py:50]:[INFO]: [ButterflyNetwork-11]: 0.010895013809204102
2025-01-21 04:06:05,562:[butterfly_network.py:50]:[INFO]: [ButterflyNetwork-11]: 0.010776996612548828
2025-01-21 04:06:05,562:[butterfly_network.py:50]:[INFO]: [ButterflyNetwork-11]: 0.010811567306518555
2025-01-21 04:06:05,572:[butterfly_network.py:50]:[INFO]: [ButterflyNetwork-12]: 0.01097726821899414
2025-01-21 04:06:05,572:[butterfly_network.py:50]:[INFO]: [ButterflyNetwork-12]: 0.011031866073608398
2025-01-21 04:06:05,573:[butterfly_network.py:50]:[INFO]: [ButterflyNetwork-12]: 0.010779619216918945
2025-01-21 04:06:05,573:[butterfly_network.py:50]:[INFO]: [ButterflyNetwork-12]: 0.010751962661743164
2025-01-21 04:06:05,582:[butterfly_network.py:50]:[INFO]: [ButterflyNetwork-13]: 0.01067209243774414
2025-01-21 04:06:05,582:[butterfly_network.py:50]:[INFO]: [ButterflyNetwork-13]: 0.010666608810424805
2025-01-21 04:06:05,584:[butterfly_network.py:50]:[INFO]: [ButterflyNetwork-13]: 0.010755538940429688
2025-01-21 04:06:05,584:[butterfly_network.py:50]:[INFO]: [ButterflyNetwork-13]: 0.010785818099975586
2025-01-21 04:06:05,593:[butterfly_network.py:50]:[INFO]: [ButterflyNetwork-14]: 0.010489940643310547
2025-01-21 04:06:05,593:[butterfly_network.py:50]:[INFO]: [ButterflyNetwork-14]: 0.010520458221435547
2025-01-21 04:06:05,595:[butterfly_network.py:50]:[INFO]: [ButterflyNetwork-14]: 0.01062464714050293
2025-01-21 04:06:05,595:[butterfly_network.py:50]:[INFO]: [ButterflyNetwork-14]: 0.010666131973266602
2025-01-21 04:06:05,604:[butterfly_network.py:50]:[INFO]: [ButterflyNetwork-15]: 0.010822057723999023
2025-01-21 04:06:05,604:[butterfly_network.py:50]:[INFO]: [ButterflyNetwork-15]: 0.010987281799316406
2025-01-21 04:06:05,606:[butterfly_network.py:50]:[INFO]: [ButterflyNetwork-15]: 0.010749578475952148
2025-01-21 04:06:05,606:[butterfly_network.py:50]:[INFO]: [ButterflyNetwork-15]: 0.010759592056274414
2025-01-21 04:06:05,608:[butterfly_network.py:73]:[INFO]: [2] finished in 0.29482603073120117 s
2025-01-21 04:06:05,608:[butterfly_network.py:73]:[INFO]: [3] finished in 0.2949197292327881 s
2025-01-21 04:06:05,609:[butterfly_network.py:73]:[INFO]: [0] finished in 0.29410696029663086 s
2025-01-21 04:06:05,609:[butterfly_network.py:73]:[INFO]: [1] finished in 0.29410719871520996 s
