2025-03-24 16:19:49,926:[dual_mode.py:149]:[INFO]: [1] start OptRanTriGen
2025-03-24 16:19:49,926:[dual_mode.py:159]:[INFO]: [1] start 1-th OptRanTriGen instance
2025-03-24 16:19:50,619:[dual_mode.py:187]:[INFO]: [1] finished 1-th OptRanTriGen instance, time: 0.6919469833374023
2025-03-24 16:19:50,619:[dual_mode.py:159]:[INFO]: [1] start 2-th OptRanTriGen instance
2025-03-24 16:19:51,165:[dual_mode.py:187]:[INFO]: [1] finished 2-th OptRanTriGen instance, time: 0.5461945533752441
2025-03-24 16:19:51,166:[dual_mode.py:159]:[INFO]: [1] start 3-th OptRanTriGen instance
2025-03-24 16:19:51,710:[dual_mode.py:178]:[INFO]: [1] output 1-th triples
2025-03-24 16:19:51,710:[dual_mode.py:187]:[INFO]: [1] finished 3-th OptRanTriGen instance, time: 0.5441594123840332
2025-03-24 16:19:51,710:[dual_mode.py:159]:[INFO]: [1] start 4-th OptRanTriGen instance
2025-03-24 16:19:52,257:[dual_mode.py:178]:[INFO]: [1] output 2-th triples
2025-03-24 16:19:52,257:[dual_mode.py:187]:[INFO]: [1] finished 4-th OptRanTriGen instance, time: 0.5464162826538086
2025-03-24 16:19:52,257:[dual_mode.py:159]:[INFO]: [1] start 5-th OptRanTriGen instance
2025-03-24 16:19:52,801:[dual_mode.py:178]:[INFO]: [1] output 3-th triples
2025-03-24 16:19:52,801:[dual_mode.py:187]:[INFO]: [1] finished 5-th OptRanTriGen instance, time: 0.5439674854278564
2025-03-24 16:19:52,801:[dual_mode.py:159]:[INFO]: [1] start 6-th OptRanTriGen instance
2025-03-24 16:19:53,349:[dual_mode.py:178]:[INFO]: [1] output 4-th triples
2025-03-24 16:19:53,349:[dual_mode.py:187]:[INFO]: [1] finished 6-th OptRanTriGen instance, time: 0.5473313331604004
2025-03-24 16:19:53,349:[dual_mode.py:159]:[INFO]: [1] start 7-th OptRanTriGen instance
2025-03-24 16:19:53,894:[dual_mode.py:178]:[INFO]: [1] output 5-th triples
2025-03-24 16:19:53,894:[dual_mode.py:187]:[INFO]: [1] finished 7-th OptRanTriGen instance, time: 0.5447373390197754
2025-03-24 16:19:53,894:[dual_mode.py:159]:[INFO]: [1] start 8-th OptRanTriGen instance
2025-03-24 16:19:54,441:[dual_mode.py:178]:[INFO]: [1] output 6-th triples
2025-03-24 16:19:54,441:[dual_mode.py:187]:[INFO]: [1] finished 8-th OptRanTriGen instance, time: 0.5461177825927734
2025-03-24 16:19:54,441:[dual_mode.py:159]:[INFO]: [1] start 9-th OptRanTriGen instance
2025-03-24 16:19:54,985:[dual_mode.py:178]:[INFO]: [1] output 7-th triples
2025-03-24 16:19:54,986:[dual_mode.py:187]:[INFO]: [1] finished 9-th OptRanTriGen instance, time: 0.5442922115325928
2025-03-24 16:19:54,986:[dual_mode.py:159]:[INFO]: [1] start 10-th OptRanTriGen instance
2025-03-24 16:19:55,025:[dual_mode.py:97]:[INFO]: [1] Starting tcv-BA
2025-03-24 16:19:55,025:[dual_mode.py:104]:[INFO]: [1] proposal: 9
2025-03-24 16:19:55,178:[dual_mode.py:108]:[INFO]: [1] tcv-BA finished! agreed round: 9, time:0.1530318260192871 (seconds)
2025-03-24 16:19:55,905:[dual_mode.py:178]:[INFO]: [1] output 8-th triples
2025-03-24 16:19:55,906:[dual_mode.py:209]:[INFO]: [1] Total bytes sent out aa: 575009
2025-03-24 16:19:55,906:[dual_mode.py:210]:[INFO]: [1] OptRanTriGen finished! triples: 468, time: 5.9794921875 (seconds)
2025-03-24 16:19:57,925:[beaver.py:197]:[INFO]: [1] Starting AsyRanTriGen
2025-03-24 16:19:57,926:[beaver.py:203]:[INFO]: [1] Starting ACSS to share 52 secrets
2025-03-24 16:19:58,090:[beaver.py:213]:[INFO]: [1] [random share generation] Starting ACS where node 1 is set as leader 
2025-03-24 16:19:58,090:[beaver.py:214]:[INFO]: [1] [random share generation] The proposal is [1, 2, 0]
2025-03-24 16:19:58,249:[beaver.py:230]:[INFO]: [1] [random share generation] The ACS set is [0, 1, 2]
2025-03-24 16:19:58,249:[beaver.py:232]:[INFO]: [1] [random share generation] Starting compute random shares
2025-03-24 16:19:58,289:[beaver.py:235]:[INFO]: [1] [random share generation] Obtaining total 104 random shares!
2025-03-24 16:19:58,289:[beaver.py:238]:[INFO]: [1] Starting to generate triples over random shares
2025-03-24 16:19:58,289:[beaver.py:239]:[INFO]: [1] [beaver triple generation] Starting to re-share product of random shares
2025-03-24 16:19:58,535:[beaver.py:251]:[INFO]: [1] [beaver triple generation] Starting to ACS where 2 is set as leader 
2025-03-24 16:19:58,535:[beaver.py:253]:[INFO]: [1] [beaver triple generation] The proposal of node 1 is [1, 0, 3]
2025-03-24 16:19:58,797:[beaver.py:269]:[INFO]: [1] [beaver triple generation] The ACS set is [0, 1, 3]
2025-03-24 16:19:59,358:[beaver.py:288]:[INFO]: [1] [beaver triple generation] AsyRanTriGen finished! total triple number in AsyRanTriGen phase: 52, time: 1.432938575744629 (seconds)
2025-03-24 16:19:59,359:[beaver.py:293]:[INFO]: [1] Bytes Sent: R_A:391559 which is 19.619%
2025-03-24 16:19:59,359:[beaver.py:293]:[INFO]: [1] Bytes Sent: ACS:1637 which is 0.082%
2025-03-24 16:19:59,359:[beaver.py:293]:[INFO]: [1] Bytes Sent: B_A:1602670 which is 80.299%
2025-03-24 16:19:59,359:[beaver.py:294]:[INFO]: [1] Total bytes sent out aa: 1995866
