2025-03-24 16:19:49,940:[dual_mode.py:149]:[INFO]: [3] start OptRanTriGen
2025-03-24 16:19:49,941:[dual_mode.py:159]:[INFO]: [3] start 1-th OptRanTriGen instance
2025-03-24 16:19:50,619:[dual_mode.py:187]:[INFO]: [3] finished 1-th OptRanTriGen instance, time: 0.6776809692382812
2025-03-24 16:19:50,619:[dual_mode.py:159]:[INFO]: [3] start 2-th OptRanTriGen instance
2025-03-24 16:19:51,165:[dual_mode.py:187]:[INFO]: [3] finished 2-th OptRanTriGen instance, time: 0.5457651615142822
2025-03-24 16:19:51,165:[dual_mode.py:159]:[INFO]: [3] start 3-th OptRanTriGen instance
2025-03-24 16:19:51,710:[dual_mode.py:178]:[INFO]: [3] output 1-th triples
2025-03-24 16:19:51,711:[dual_mode.py:187]:[INFO]: [3] finished 3-th OptRanTriGen instance, time: 0.5449912548065186
2025-03-24 16:19:51,711:[dual_mode.py:159]:[INFO]: [3] start 4-th OptRanTriGen instance
2025-03-24 16:19:52,257:[dual_mode.py:178]:[INFO]: [3] output 2-th triples
2025-03-24 16:19:52,257:[dual_mode.py:187]:[INFO]: [3] finished 4-th OptRanTriGen instance, time: 0.5460708141326904
2025-03-24 16:19:52,257:[dual_mode.py:159]:[INFO]: [3] start 5-th OptRanTriGen instance
2025-03-24 16:19:52,801:[dual_mode.py:178]:[INFO]: [3] output 3-th triples
2025-03-24 16:19:52,801:[dual_mode.py:187]:[INFO]: [3] finished 5-th OptRanTriGen instance, time: 0.5438635349273682
2025-03-24 16:19:52,801:[dual_mode.py:159]:[INFO]: [3] start 6-th OptRanTriGen instance
2025-03-24 16:19:53,348:[dual_mode.py:178]:[INFO]: [3] output 4-th triples
2025-03-24 16:19:53,348:[dual_mode.py:187]:[INFO]: [3] finished 6-th OptRanTriGen instance, time: 0.5466561317443848
2025-03-24 16:19:53,349:[dual_mode.py:159]:[INFO]: [3] start 7-th OptRanTriGen instance
2025-03-24 16:19:53,894:[dual_mode.py:178]:[INFO]: [3] output 5-th triples
2025-03-24 16:19:53,894:[dual_mode.py:187]:[INFO]: [3] finished 7-th OptRanTriGen instance, time: 0.5454094409942627
2025-03-24 16:19:53,894:[dual_mode.py:159]:[INFO]: [3] start 8-th OptRanTriGen instance
2025-03-24 16:19:54,440:[dual_mode.py:178]:[INFO]: [3] output 6-th triples
2025-03-24 16:19:54,440:[dual_mode.py:187]:[INFO]: [3] finished 8-th OptRanTriGen instance, time: 0.5456531047821045
2025-03-24 16:19:54,440:[dual_mode.py:159]:[INFO]: [3] start 9-th OptRanTriGen instance
2025-03-24 16:19:54,985:[dual_mode.py:178]:[INFO]: [3] output 7-th triples
2025-03-24 16:19:54,985:[dual_mode.py:187]:[INFO]: [3] finished 9-th OptRanTriGen instance, time: 0.54461669921875
2025-03-24 16:19:54,985:[dual_mode.py:159]:[INFO]: [3] start 10-th OptRanTriGen instance
2025-03-24 16:19:55,026:[dual_mode.py:97]:[INFO]: [3] Starting tcv-BA
2025-03-24 16:19:55,026:[dual_mode.py:104]:[INFO]: [3] proposal: 9
2025-03-24 16:19:55,177:[dual_mode.py:108]:[INFO]: [3] tcv-BA finished! agreed round: 9, time:0.15053749084472656 (seconds)
2025-03-24 16:19:55,905:[dual_mode.py:178]:[INFO]: [3] output 8-th triples
2025-03-24 16:19:55,905:[dual_mode.py:209]:[INFO]: [3] Total bytes sent out aa: 468486
2025-03-24 16:19:55,905:[dual_mode.py:210]:[INFO]: [3] OptRanTriGen finished! triples: 468, time: 5.9646055698394775 (seconds)
2025-03-24 16:19:57,910:[beaver.py:197]:[INFO]: [3] Starting AsyRanTriGen
2025-03-24 16:19:57,911:[beaver.py:203]:[INFO]: [3] Starting ACSS to share 52 secrets
2025-03-24 16:19:58,093:[beaver.py:213]:[INFO]: [3] [random share generation] Starting ACS where node 1 is set as leader 
2025-03-24 16:19:58,093:[beaver.py:214]:[INFO]: [3] [random share generation] The proposal is [1, 2, 0]
2025-03-24 16:19:58,237:[beaver.py:230]:[INFO]: [3] [random share generation] The ACS set is [0, 1, 2]
2025-03-24 16:19:58,237:[beaver.py:232]:[INFO]: [3] [random share generation] Starting compute random shares
2025-03-24 16:19:58,267:[beaver.py:235]:[INFO]: [3] [random share generation] Obtaining total 104 random shares!
2025-03-24 16:19:58,267:[beaver.py:238]:[INFO]: [3] Starting to generate triples over random shares
2025-03-24 16:19:58,267:[beaver.py:239]:[INFO]: [3] [beaver triple generation] Starting to re-share product of random shares
2025-03-24 16:19:58,542:[beaver.py:251]:[INFO]: [3] [beaver triple generation] Starting to ACS where 2 is set as leader 
2025-03-24 16:19:58,542:[beaver.py:253]:[INFO]: [3] [beaver triple generation] The proposal of node 3 is [3, 1, 0]
2025-03-24 16:19:58,786:[beaver.py:269]:[INFO]: [3] [beaver triple generation] The ACS set is [0, 1, 3]
2025-03-24 16:19:59,358:[beaver.py:288]:[INFO]: [3] [beaver triple generation] AsyRanTriGen finished! total triple number in AsyRanTriGen phase: 52, time: 1.4478988647460938 (seconds)
2025-03-24 16:19:59,359:[beaver.py:293]:[INFO]: [3] Bytes Sent: R_A:347359 which is 17.804%
2025-03-24 16:19:59,359:[beaver.py:293]:[INFO]: [3] Bytes Sent: ACS:1111 which is 0.057%
2025-03-24 16:19:59,359:[beaver.py:293]:[INFO]: [3] Bytes Sent: B_A:1602493 which is 82.139%
2025-03-24 16:19:59,359:[beaver.py:294]:[INFO]: [3] Total bytes sent out aa: 1950963
