2025-03-24 16:19:49,910:[dual_mode.py:149]:[INFO]: [0] start OptRanTriGen
2025-03-24 16:19:49,911:[dual_mode.py:159]:[INFO]: [0] start 1-th OptRanTriGen instance
2025-03-24 16:19:50,617:[dual_mode.py:187]:[INFO]: [0] finished 1-th OptRanTriGen instance, time: 0.7052066326141357
2025-03-24 16:19:50,617:[dual_mode.py:159]:[INFO]: [0] start 2-th OptRanTriGen instance
2025-03-24 16:19:51,165:[dual_mode.py:187]:[INFO]: [0] finished 2-th OptRanTriGen instance, time: 0.5480902194976807
2025-03-24 16:19:51,165:[dual_mode.py:159]:[INFO]: [0] start 3-th OptRanTriGen instance
2025-03-24 16:19:51,708:[dual_mode.py:178]:[INFO]: [0] output 1-th triples
2025-03-24 16:19:51,708:[dual_mode.py:187]:[INFO]: [0] finished 3-th OptRanTriGen instance, time: 0.5425815582275391
2025-03-24 16:19:51,708:[dual_mode.py:159]:[INFO]: [0] start 4-th OptRanTriGen instance
2025-03-24 16:19:52,257:[dual_mode.py:178]:[INFO]: [0] output 2-th triples
2025-03-24 16:19:52,257:[dual_mode.py:187]:[INFO]: [0] finished 4-th OptRanTriGen instance, time: 0.5487518310546875
2025-03-24 16:19:52,257:[dual_mode.py:159]:[INFO]: [0] start 5-th OptRanTriGen instance
2025-03-24 16:19:52,799:[dual_mode.py:178]:[INFO]: [0] output 3-th triples
2025-03-24 16:19:52,799:[dual_mode.py:187]:[INFO]: [0] finished 5-th OptRanTriGen instance, time: 0.541632890701294
2025-03-24 16:19:52,799:[dual_mode.py:159]:[INFO]: [0] start 6-th OptRanTriGen instance
2025-03-24 16:19:53,348:[dual_mode.py:178]:[INFO]: [0] output 4-th triples
2025-03-24 16:19:53,348:[dual_mode.py:187]:[INFO]: [0] finished 6-th OptRanTriGen instance, time: 0.5490820407867432
2025-03-24 16:19:53,348:[dual_mode.py:159]:[INFO]: [0] start 7-th OptRanTriGen instance
2025-03-24 16:19:53,892:[dual_mode.py:178]:[INFO]: [0] output 5-th triples
2025-03-24 16:19:53,892:[dual_mode.py:187]:[INFO]: [0] finished 7-th OptRanTriGen instance, time: 0.5435094833374023
2025-03-24 16:19:53,892:[dual_mode.py:159]:[INFO]: [0] start 8-th OptRanTriGen instance
2025-03-24 16:19:54,439:[dual_mode.py:178]:[INFO]: [0] output 6-th triples
2025-03-24 16:19:54,439:[dual_mode.py:187]:[INFO]: [0] finished 8-th OptRanTriGen instance, time: 0.5463504791259766
2025-03-24 16:19:54,439:[dual_mode.py:159]:[INFO]: [0] start 9-th OptRanTriGen instance
2025-03-24 16:19:54,983:[dual_mode.py:178]:[INFO]: [0] output 7-th triples
2025-03-24 16:19:54,983:[dual_mode.py:187]:[INFO]: [0] finished 9-th OptRanTriGen instance, time: 0.5438859462738037
2025-03-24 16:19:54,983:[dual_mode.py:159]:[INFO]: [0] start 10-th OptRanTriGen instance
2025-03-24 16:19:55,025:[dual_mode.py:97]:[INFO]: [0] Starting tcv-BA
2025-03-24 16:19:55,025:[dual_mode.py:104]:[INFO]: [0] proposal: 9
2025-03-24 16:19:55,188:[dual_mode.py:108]:[INFO]: [0] tcv-BA finished! agreed round: 9, time:0.16327857971191406 (seconds)
2025-03-24 16:19:55,903:[dual_mode.py:178]:[INFO]: [0] output 8-th triples
2025-03-24 16:19:55,904:[dual_mode.py:209]:[INFO]: [0] Total bytes sent out aa: 575021
2025-03-24 16:19:55,904:[dual_mode.py:210]:[INFO]: [0] OptRanTriGen finished! triples: 468, time: 5.992711067199707 (seconds)
2025-03-24 16:19:57,894:[beaver.py:197]:[INFO]: [0] Starting AsyRanTriGen
2025-03-24 16:19:57,895:[beaver.py:203]:[INFO]: [0] Starting ACSS to share 52 secrets
2025-03-24 16:19:58,084:[beaver.py:213]:[INFO]: [0] [random share generation] Starting ACS where node 1 is set as leader 
2025-03-24 16:19:58,084:[beaver.py:214]:[INFO]: [0] [random share generation] The proposal is [1, 2, 0]
2025-03-24 16:19:58,237:[beaver.py:230]:[INFO]: [0] [random share generation] The ACS set is [0, 1, 2]
2025-03-24 16:19:58,237:[beaver.py:232]:[INFO]: [0] [random share generation] Starting compute random shares
2025-03-24 16:19:58,267:[beaver.py:235]:[INFO]: [0] [random share generation] Obtaining total 104 random shares!
2025-03-24 16:19:58,267:[beaver.py:238]:[INFO]: [0] Starting to generate triples over random shares
2025-03-24 16:19:58,267:[beaver.py:239]:[INFO]: [0] [beaver triple generation] Starting to re-share product of random shares
2025-03-24 16:19:58,538:[beaver.py:251]:[INFO]: [0] [beaver triple generation] Starting to ACS where 2 is set as leader 
2025-03-24 16:19:58,538:[beaver.py:253]:[INFO]: [0] [beaver triple generation] The proposal of node 0 is [0, 1, 3]
2025-03-24 16:19:58,785:[beaver.py:269]:[INFO]: [0] [beaver triple generation] The ACS set is [0, 1, 3]
2025-03-24 16:19:59,358:[beaver.py:288]:[INFO]: [0] [beaver triple generation] AsyRanTriGen finished! total triple number in AsyRanTriGen phase: 52, time: 1.4635987281799316 (seconds)
2025-03-24 16:19:59,358:[beaver.py:293]:[INFO]: [0] Bytes Sent: R_A:391490 which is 19.622%
2025-03-24 16:19:59,359:[beaver.py:293]:[INFO]: [0] Bytes Sent: ACS:1111 which is 0.056%
2025-03-24 16:19:59,359:[beaver.py:293]:[INFO]: [0] Bytes Sent: B_A:1602587 which is 80.323%
2025-03-24 16:19:59,359:[beaver.py:294]:[INFO]: [0] Total bytes sent out aa: 1995188
