2025-03-24 16:19:49,931:[dual_mode.py:149]:[INFO]: [2] start OptRanTriGen
2025-03-24 16:19:49,931:[dual_mode.py:159]:[INFO]: [2] start 1-th OptRanTriGen instance
2025-03-24 16:19:50,619:[dual_mode.py:187]:[INFO]: [2] finished 1-th OptRanTriGen instance, time: 0.687389612197876
2025-03-24 16:19:50,619:[dual_mode.py:159]:[INFO]: [2] start 2-th OptRanTriGen instance
2025-03-24 16:19:51,165:[dual_mode.py:187]:[INFO]: [2] finished 2-th OptRanTriGen instance, time: 0.5458247661590576
2025-03-24 16:19:51,166:[dual_mode.py:159]:[INFO]: [2] start 3-th OptRanTriGen instance
2025-03-24 16:19:51,710:[dual_mode.py:178]:[INFO]: [2] output 1-th triples
2025-03-24 16:19:51,710:[dual_mode.py:187]:[INFO]: [2] finished 3-th OptRanTriGen instance, time: 0.5441322326660156
2025-03-24 16:19:51,710:[dual_mode.py:159]:[INFO]: [2] start 4-th OptRanTriGen instance
2025-03-24 16:19:52,257:[dual_mode.py:178]:[INFO]: [2] output 2-th triples
2025-03-24 16:19:52,257:[dual_mode.py:187]:[INFO]: [2] finished 4-th OptRanTriGen instance, time: 0.5469205379486084
2025-03-24 16:19:52,257:[dual_mode.py:159]:[INFO]: [2] start 5-th OptRanTriGen instance
2025-03-24 16:19:52,801:[dual_mode.py:178]:[INFO]: [2] output 3-th triples
2025-03-24 16:19:52,801:[dual_mode.py:187]:[INFO]: [2] finished 5-th OptRanTriGen instance, time: 0.5435738563537598
2025-03-24 16:19:52,801:[dual_mode.py:159]:[INFO]: [2] start 6-th OptRanTriGen instance
2025-03-24 16:19:53,348:[dual_mode.py:178]:[INFO]: [2] output 4-th triples
2025-03-24 16:19:53,348:[dual_mode.py:187]:[INFO]: [2] finished 6-th OptRanTriGen instance, time: 0.5459277629852295
2025-03-24 16:19:53,348:[dual_mode.py:159]:[INFO]: [2] start 7-th OptRanTriGen instance
2025-03-24 16:19:53,894:[dual_mode.py:178]:[INFO]: [2] output 5-th triples
2025-03-24 16:19:53,894:[dual_mode.py:187]:[INFO]: [2] finished 7-th OptRanTriGen instance, time: 0.5464003086090088
2025-03-24 16:19:53,895:[dual_mode.py:159]:[INFO]: [2] start 8-th OptRanTriGen instance
2025-03-24 16:19:54,440:[dual_mode.py:178]:[INFO]: [2] output 6-th triples
2025-03-24 16:19:54,440:[dual_mode.py:187]:[INFO]: [2] finished 8-th OptRanTriGen instance, time: 0.5456297397613525
2025-03-24 16:19:54,441:[dual_mode.py:159]:[INFO]: [2] start 9-th OptRanTriGen instance
2025-03-24 16:19:54,985:[dual_mode.py:178]:[INFO]: [2] output 7-th triples
2025-03-24 16:19:54,985:[dual_mode.py:187]:[INFO]: [2] finished 9-th OptRanTriGen instance, time: 0.5443596839904785
2025-03-24 16:19:54,985:[dual_mode.py:159]:[INFO]: [2] start 10-th OptRanTriGen instance
2025-03-24 16:19:55,026:[dual_mode.py:97]:[INFO]: [2] Starting tcv-BA
2025-03-24 16:19:55,026:[dual_mode.py:104]:[INFO]: [2] proposal: 9
2025-03-24 16:19:55,177:[dual_mode.py:108]:[INFO]: [2] tcv-BA finished! agreed round: 9, time:0.15054035186767578 (seconds)
2025-03-24 16:19:55,904:[dual_mode.py:178]:[INFO]: [2] output 8-th triples
2025-03-24 16:19:55,904:[dual_mode.py:209]:[INFO]: [2] Total bytes sent out aa: 468490
2025-03-24 16:19:55,904:[dual_mode.py:210]:[INFO]: [2] OptRanTriGen finished! triples: 468, time: 5.972663164138794 (seconds)
2025-03-24 16:19:57,925:[beaver.py:197]:[INFO]: [2] Starting AsyRanTriGen
2025-03-24 16:19:57,925:[beaver.py:203]:[INFO]: [2] Starting ACSS to share 52 secrets
2025-03-24 16:19:58,089:[beaver.py:213]:[INFO]: [2] [random share generation] Starting ACS where node 1 is set as leader 
2025-03-24 16:19:58,089:[beaver.py:214]:[INFO]: [2] [random share generation] The proposal is [2, 1, 0]
2025-03-24 16:19:58,246:[beaver.py:230]:[INFO]: [2] [random share generation] The ACS set is [0, 1, 2]
2025-03-24 16:19:58,247:[beaver.py:232]:[INFO]: [2] [random share generation] Starting compute random shares
2025-03-24 16:19:58,285:[beaver.py:235]:[INFO]: [2] [random share generation] Obtaining total 104 random shares!
2025-03-24 16:19:58,285:[beaver.py:238]:[INFO]: [2] Starting to generate triples over random shares
2025-03-24 16:19:58,285:[beaver.py:239]:[INFO]: [2] [beaver triple generation] Starting to re-share product of random shares
2025-03-24 16:19:58,607:[beaver.py:251]:[INFO]: [2] [beaver triple generation] Starting to ACS where 2 is set as leader 
2025-03-24 16:19:58,607:[beaver.py:253]:[INFO]: [2] [beaver triple generation] The proposal of node 2 is [3, 1, 0]
2025-03-24 16:19:58,785:[beaver.py:269]:[INFO]: [2] [beaver triple generation] The ACS set is [0, 1, 3]
2025-03-24 16:19:59,358:[beaver.py:288]:[INFO]: [2] [beaver triple generation] AsyRanTriGen finished! total triple number in AsyRanTriGen phase: 52, time: 1.4332444667816162 (seconds)
2025-03-24 16:19:59,359:[beaver.py:293]:[INFO]: [2] Bytes Sent: R_A:371071 which is 18.785%
2025-03-24 16:19:59,359:[beaver.py:293]:[INFO]: [2] Bytes Sent: ACS:1637 which is 0.083%
2025-03-24 16:19:59,359:[beaver.py:293]:[INFO]: [2] Bytes Sent: B_A:1602656 which is 81.132%
2025-03-24 16:19:59,359:[beaver.py:294]:[INFO]: [2] Total bytes sent out aa: 1975364
